app/client/build/intermediates/manifest_merge_blame_file/debug/manifest-merger-blame-debug-report.txt
1<?xml version="1.0" encoding="utf-8"?>
2<manifest xmlns:android="http://schemas.android.com/apk/res/android"
3    package="com.vito.client"
4    android:versionCode="1"
5    android:versionName="1.0.0" >
6
7    <uses-sdk
8        android:minSdkVersion="24"
9        android:targetSdkVersion="35" />
10
11    <!-- Permissions -->
12    <uses-permission android:name="android.permission.INTERNET" />
12-->src/main/AndroidManifest.xml:6:5-67
12-->src/main/AndroidManifest.xml:6:22-64
13    <uses-permission android:name="android.permission.ACCESS_NETWORK_STATE" />
13-->src/main/AndroidManifest.xml:7:5-79
13-->src/main/AndroidManifest.xml:7:22-76
14    <uses-permission android:name="android.permission.ACCESS_FINE_LOCATION" />
14-->src/main/AndroidManifest.xml:8:5-79
14-->src/main/AndroidManifest.xml:8:22-76
15    <uses-permission android:name="android.permission.ACCESS_COARSE_LOCATION" />
15-->src/main/AndroidManifest.xml:9:5-81
15-->src/main/AndroidManifest.xml:9:22-78
16    <uses-permission android:name="android.permission.CAMERA" />
16-->src/main/AndroidManifest.xml:10:5-65
16-->src/main/AndroidManifest.xml:10:22-62
17    <uses-permission
17-->src/main/AndroidManifest.xml:11:5-107
18        android:name="android.permission.READ_EXTERNAL_STORAGE"
18-->src/main/AndroidManifest.xml:11:22-77
19        android:maxSdkVersion="32" />
19-->src/main/AndroidManifest.xml:11:78-104
20    <uses-permission
20-->src/main/AndroidManifest.xml:12:5-108
21        android:name="android.permission.WRITE_EXTERNAL_STORAGE"
21-->src/main/AndroidManifest.xml:12:22-78
22        android:maxSdkVersion="29" />
22-->src/main/AndroidManifest.xml:12:79-105
23    <uses-permission android:name="android.permission.READ_MEDIA_IMAGES" />
23-->src/main/AndroidManifest.xml:13:5-76
23-->src/main/AndroidManifest.xml:13:22-73
24    <uses-permission android:name="android.permission.VIBRATE" />
24-->src/main/AndroidManifest.xml:14:5-66
24-->src/main/AndroidManifest.xml:14:22-63
25    <uses-permission android:name="android.permission.POST_NOTIFICATIONS" />
25-->src/main/AndroidManifest.xml:15:5-77
25-->src/main/AndroidManifest.xml:15:22-74
26    <uses-permission android:name="android.permission.USE_BIOMETRIC" />
26-->src/main/AndroidManifest.xml:16:5-72
26-->src/main/AndroidManifest.xml:16:22-69
27    <uses-permission android:name="android.permission.FOREGROUND_SERVICE" />
27-->src/main/AndroidManifest.xml:17:5-77
27-->src/main/AndroidManifest.xml:17:22-74
28    <uses-permission android:name="android.permission.FOREGROUND_SERVICE_LOCATION" />
28-->src/main/AndroidManifest.xml:18:5-86
28-->src/main/AndroidManifest.xml:18:22-83
29
30    <!-- Features -->
31    <uses-feature
31-->src/main/AndroidManifest.xml:21:5-85
32        android:name="android.hardware.camera"
32-->src/main/AndroidManifest.xml:21:19-57
33        android:required="false" />
33-->src/main/AndroidManifest.xml:21:58-82
34    <uses-feature
34-->src/main/AndroidManifest.xml:22:5-95
35        android:name="android.hardware.camera.autofocus"
35-->src/main/AndroidManifest.xml:22:19-67
36        android:required="false" />
36-->src/main/AndroidManifest.xml:22:68-92
37    <uses-feature
37-->src/main/AndroidManifest.xml:23:5-87
38        android:name="android.hardware.location"
38-->src/main/AndroidManifest.xml:23:19-59
39        android:required="false" />
39-->src/main/AndroidManifest.xml:23:60-84
40    <uses-feature
40-->src/main/AndroidManifest.xml:24:5-91
41        android:name="android.hardware.location.gps"
41-->src/main/AndroidManifest.xml:24:19-63
42        android:required="false" />
42-->src/main/AndroidManifest.xml:24:64-88
43
44    <permission
44-->[androidx.core:core:1.12.0] AndroidManifest.xml:22:5-24:47
45        android:name="com.vito.client.DYNAMIC_RECEIVER_NOT_EXPORTED_PERMISSION"
45-->[androidx.core:core:1.12.0] AndroidManifest.xml:23:9-81
46        android:protectionLevel="signature" />
46-->[androidx.core:core:1.12.0] AndroidManifest.xml:24:9-44
47
48    <uses-permission android:name="com.vito.client.DYNAMIC_RECEIVER_NOT_EXPORTED_PERMISSION" />
48-->[androidx.core:core:1.12.0] AndroidManifest.xml:26:5-97
48-->[androidx.core:core:1.12.0] AndroidManifest.xml:26:22-94
49
50    <application
50-->src/main/AndroidManifest.xml:26:5-64:19
51        android:name="com.vito.client.VitoClientApp"
51-->src/main/AndroidManifest.xml:27:9-38
52        android:allowBackup="true"
52-->src/main/AndroidManifest.xml:28:9-35
53        android:appComponentFactory="androidx.core.app.CoreComponentFactory"
53-->[androidx.core:core:1.12.0] AndroidManifest.xml:28:18-86
54        android:dataExtractionRules="@xml/data_extraction_rules"
54-->src/main/AndroidManifest.xml:29:9-65
55        android:debuggable="true"
56        android:extractNativeLibs="false"
57        android:fullBackupContent="@xml/backup_rules"
57-->src/main/AndroidManifest.xml:30:9-54
58        android:icon="@mipmap/ic_launcher"
58-->src/main/AndroidManifest.xml:31:9-43
59        android:label="@string/app_name"
59-->src/main/AndroidManifest.xml:32:9-41
60        android:roundIcon="@mipmap/ic_launcher_round"
60-->src/main/AndroidManifest.xml:33:9-54
61        android:supportsRtl="true"
61-->src/main/AndroidManifest.xml:34:9-35
62        android:theme="@style/Theme.Vito"
62-->src/main/AndroidManifest.xml:35:9-42
63        android:usesCleartextTraffic="true" >
63-->src/main/AndroidManifest.xml:36:9-44
64        <activity
64-->src/main/AndroidManifest.xml:39:9-48:20
65            android:name="com.vito.client.MainActivity"
65-->src/main/AndroidManifest.xml:40:13-41
66            android:exported="true"
66-->src/main/AndroidManifest.xml:41:13-36
67            android:theme="@style/Theme.Vito"
67-->src/main/AndroidManifest.xml:42:13-46
68            android:windowSoftInputMode="adjustResize" >
68-->src/main/AndroidManifest.xml:43:13-55
69            <intent-filter>
69-->src/main/AndroidManifest.xml:44:13-47:29
70                <action android:name="android.intent.action.MAIN" />
70-->src/main/AndroidManifest.xml:45:17-69
70-->src/main/AndroidManifest.xml:45:25-66
71
72                <category android:name="android.intent.category.LAUNCHER" />
72-->src/main/AndroidManifest.xml:46:17-77
72-->src/main/AndroidManifest.xml:46:27-74
73            </intent-filter>
74        </activity>
75
76        <!-- Firebase Messaging Service -->
77        <service
77-->src/main/AndroidManifest.xml:51:9-57:19
78            android:name="com.vito.client.service.VitoFcmService"
78-->src/main/AndroidManifest.xml:52:13-51
79            android:exported="false" >
79-->src/main/AndroidManifest.xml:53:13-37
80            <intent-filter>
80-->src/main/AndroidManifest.xml:54:13-56:29
81                <action android:name="com.google.firebase.MESSAGING_EVENT" />
81-->src/main/AndroidManifest.xml:55:17-78
81-->src/main/AndroidManifest.xml:55:25-75
82            </intent-filter>
83        </service>
84
85        <!-- Google Play Services -->
86        <meta-data
86-->src/main/AndroidManifest.xml:60:9-62:69
87            android:name="com.google.android.gms.version"
87-->src/main/AndroidManifest.xml:61:13-58
88            android:value="@integer/google_play_services_version" />
88-->src/main/AndroidManifest.xml:62:13-66
89
90        <provider
90-->[androidx.emoji2:emoji2:1.3.0] AndroidManifest.xml:24:9-32:20
91            android:name="androidx.startup.InitializationProvider"
91-->[androidx.emoji2:emoji2:1.3.0] AndroidManifest.xml:25:13-67
92            android:authorities="com.vito.client.androidx-startup"
92-->[androidx.emoji2:emoji2:1.3.0] AndroidManifest.xml:26:13-68
93            android:exported="false" >
93-->[androidx.emoji2:emoji2:1.3.0] AndroidManifest.xml:27:13-37
94            <meta-data
94-->[androidx.emoji2:emoji2:1.3.0] AndroidManifest.xml:29:13-31:52
95                android:name="androidx.emoji2.text.EmojiCompatInitializer"
95-->[androidx.emoji2:emoji2:1.3.0] AndroidManifest.xml:30:17-75
96                android:value="androidx.startup" />
96-->[androidx.emoji2:emoji2:1.3.0] AndroidManifest.xml:31:17-49
97            <meta-data
97-->[androidx.lifecycle:lifecycle-process:2.7.0] AndroidManifest.xml:29:13-31:52
98                android:name="androidx.lifecycle.ProcessLifecycleInitializer"
98-->[androidx.lifecycle:lifecycle-process:2.7.0] AndroidManifest.xml:30:17-78
99                android:value="androidx.startup" />
99-->[androidx.lifecycle:lifecycle-process:2.7.0] AndroidManifest.xml:31:17-49
100            <meta-data
100-->[androidx.profileinstaller:profileinstaller:1.3.0] AndroidManifest.xml:29:13-31:52
101                android:name="androidx.profileinstaller.ProfileInstallerInitializer"
101-->[androidx.profileinstaller:profileinstaller:1.3.0] AndroidManifest.xml:30:17-85
102                android:value="androidx.startup" />
102-->[androidx.profileinstaller:profileinstaller:1.3.0] AndroidManifest.xml:31:17-49
103        </provider>
104
105        <receiver
105-->[androidx.profileinstaller:profileinstaller:1.3.0] AndroidManifest.xml:34:9-52:20
106            android:name="androidx.profileinstaller.ProfileInstallReceiver"
106-->[androidx.profileinstaller:profileinstaller:1.3.0] AndroidManifest.xml:35:13-76
107            android:directBootAware="false"
107-->[androidx.profileinstaller:profileinstaller:1.3.0] AndroidManifest.xml:36:13-44
108            android:enabled="true"
108-->[androidx.profileinstaller:profileinstaller:1.3.0] AndroidManifest.xml:37:13-35
109            android:exported="true"
109-->[androidx.profileinstaller:profileinstaller:1.3.0] AndroidManifest.xml:38:13-36
110            android:permission="android.permission.DUMP" >
110-->[androidx.profileinstaller:profileinstaller:1.3.0] AndroidManifest.xml:39:13-57
111            <intent-filter>
111-->[androidx.profileinstaller:profileinstaller:1.3.0] AndroidManifest.xml:40:13-42:29
112                <action android:name="androidx.profileinstaller.action.INSTALL_PROFILE" />
112-->[androidx.profileinstaller:profileinstaller:1.3.0] AndroidManifest.xml:41:17-91
112-->[androidx.profileinstaller:profileinstaller:1.3.0] AndroidManifest.xml:41:25-88
113            </intent-filter>
114            <intent-filter>
114-->[androidx.profileinstaller:profileinstaller:1.3.0] AndroidManifest.xml:43:13-45:29
115                <action android:name="androidx.profileinstaller.action.SKIP_FILE" />
115-->[androidx.profileinstaller:profileinstaller:1.3.0] AndroidManifest.xml:44:17-85
115-->[androidx.profileinstaller:profileinstaller:1.3.0] AndroidManifest.xml:44:25-82
116            </intent-filter>
117            <intent-filter>
117-->[androidx.profileinstaller:profileinstaller:1.3.0] AndroidManifest.xml:46:13-48:29
118                <action android:name="androidx.profileinstaller.action.SAVE_PROFILE" />
118-->[androidx.profileinstaller:profileinstaller:1.3.0] AndroidManifest.xml:47:17-88
118-->[androidx.profileinstaller:profileinstaller:1.3.0] AndroidManifest.xml:47:25-85
119            </intent-filter>
120            <intent-filter>
120-->[androidx.profileinstaller:profileinstaller:1.3.0] AndroidManifest.xml:49:13-51:29
121                <action android:name="androidx.profileinstaller.action.BENCHMARK_OPERATION" />
121-->[androidx.profileinstaller:profileinstaller:1.3.0] AndroidManifest.xml:50:17-95
121-->[androidx.profileinstaller:profileinstaller:1.3.0] AndroidManifest.xml:50:25-92
122            </intent-filter>
123        </receiver>
124    </application>
125
126</manifest>